
=== Wed Feb 14 00:57:08 2024

Packages were changed.
Update Mode: updateDependencies

The following packages were added:
  com.unity.2d.sprite@1.0.0
  com.unity.2d.tilemap@1.0.0
  com.unity.ide.rider@3.0.26
  com.unity.ide.visualstudio@2.0.22
  com.unity.ide.vscode@1.2.5
  com.unity.modules.androidjni@1.0.0
  com.unity.test-framework@1.1.33
  com.unity.ugui@1.0.0
  com.unity.xr.legacyinputhelpers@2.1.10
  com.unity.ai.navigation@1.1.5
The following packages were updated:
  com.unity.timeline from version 1.0.0 to 1.7.6
  com.unity.xr.arcore from version 2.1.0 to 5.1.1
  com.unity.xr.arfoundation from version 1.5.0-preview.6 to 5.1.1
  com.unity.xr.arkit from version 2.1.0-preview.5 to 5.1.1
  com.unity.xr.arkit-face-tracking from version 1.0.0-preview.6 to 5.0.2
The following packages were removed:
  com.unity.package-manager-ui@2.0.8
